# Logfile created on 2025-05-30 08:24:11 +0000 by logger.rb/v1.5.3
I, [2025-05-30T08:24:11.055299 #22]  INFO -- : Running example 'Verifying a pact between AuthorsConsumer and AuthorsApi Given authors exist a request for authors list with GET /api/authors/ returns a response which has status code 200'
I, [2025-05-30T08:24:11.055371 #22]  INFO -- : Sending GET request to path: "/api/authors/" with headers: {"X_PACT_PROVIDER_STATES"=>[{"name"=>"authors exist"}]}, see debug logs for body
D, [2025-05-30T08:24:11.055385 #22] DEBUG -- : body :
I, [2025-05-30T08:24:11.116159 #22]  INFO -- : Received response with status: 200, headers: {"Server"=>"nginx/1.28.0", "Content-Type"=>"application/json", "Connection"=>"keep-alive", "X-Powered-By"=>"PHP/8.4.7", "Cache-Control"=>"no-cache, private", "Date"=>"Fri, 30 May 2025 08:24:11 GMT", "X-Robots-Tag"=>"noindex", "Content-Length"=>"656"}, see debug logs for body
D, [2025-05-30T08:24:11.116205 #22] DEBUG -- : body: [{"id":1,"name":"Leo Thompson","email":"justus.nolan@example.org"},{"id":2,"name":"Joanny Bednar","email":"wthompson@example.org"},{"id":3,"name":"Reva Haag","email":"kulas.wava@example.com"},{"id":4,"name":"Damon Rempel DDS","email":"bstanton@example.org"},{"id":5,"name":"Mr. Tito Prosacco","email":"blubowitz@example.net"},{"id":6,"name":"Jane Doe","email":"jane@example.com"},{"id":7,"name":"Jane Doe","email":"jane@example.com"},{"id":8,"name":"Jane Doe","email":"jane@example.com"},{"id":9,"name":"Jane Doe","email":"jane@example.com"},{"id":10,"name":"Jane Doe","email":"jane@example.com"},{"id":11,"name":"John Doe","email":"john.doe@example.com"}]
I, [2025-05-30T08:24:11.117085 #22]  INFO -- : Running example 'Verifying a pact between AuthorsConsumer and AuthorsApi Given can create an author a request to create an author with POST /api/authors/ returns a response which has status code 201'
I, [2025-05-30T08:24:11.117146 #22]  INFO -- : Sending POST request to path: "/api/authors/" with headers: {"CONTENT_TYPE"=>"application/json", "HTTP_X_PACT_ORIGINAL_HEADER_NAMES"=>"Content-Type", "X_PACT_PROVIDER_STATES"=>[{"name"=>"can create an author"}]}, see debug logs for body
D, [2025-05-30T08:24:11.117160 #22] DEBUG -- : body :{"name":"Jane Doe","email":"jane@example.com"}
I, [2025-05-30T08:24:11.170362 #22]  INFO -- : Received response with status: 201, headers: {"Server"=>"nginx/1.28.0", "Content-Type"=>"application/json", "Connection"=>"keep-alive", "X-Powered-By"=>"PHP/8.4.7", "Cache-Control"=>"no-cache, private", "Date"=>"Fri, 30 May 2025 08:24:11 GMT", "X-Robots-Tag"=>"noindex", "Content-Length"=>"54"}, see debug logs for body
D, [2025-05-30T08:24:11.170395 #22] DEBUG -- : body: {"id":12,"name":"Jane Doe","email":"jane@example.com"}
I, [2025-05-30T08:51:33.568623 #41]  INFO -- : Running example 'Verifying a pact between AuthorsConsumer and AuthorsApi Given authors exist a request for authors list with GET /api/authors/ returns a response which has status code 200'
I, [2025-05-30T08:51:33.568716 #41]  INFO -- : Sending GET request to path: "/api/authors/" with headers: {"X_PACT_PROVIDER_STATES"=>[{"name"=>"authors exist"}]}, see debug logs for body
D, [2025-05-30T08:51:33.568732 #41] DEBUG -- : body :
I, [2025-05-30T08:51:33.626012 #41]  INFO -- : Received response with status: 200, headers: {"Server"=>"nginx/1.28.0", "Content-Type"=>"application/json", "Connection"=>"keep-alive", "X-Powered-By"=>"PHP/8.4.7", "Cache-Control"=>"no-cache, private", "Date"=>"Fri, 30 May 2025 08:51:33 GMT", "X-Robots-Tag"=>"noindex", "Content-Length"=>"711"}, see debug logs for body
D, [2025-05-30T08:51:33.626069 #41] DEBUG -- : body: [{"id":1,"name":"Leo Thompson","email":"justus.nolan@example.org"},{"id":2,"name":"Joanny Bednar","email":"wthompson@example.org"},{"id":3,"name":"Reva Haag","email":"kulas.wava@example.com"},{"id":4,"name":"Damon Rempel DDS","email":"bstanton@example.org"},{"id":5,"name":"Mr. Tito Prosacco","email":"blubowitz@example.net"},{"id":6,"name":"Jane Doe","email":"jane@example.com"},{"id":7,"name":"Jane Doe","email":"jane@example.com"},{"id":8,"name":"Jane Doe","email":"jane@example.com"},{"id":9,"name":"Jane Doe","email":"jane@example.com"},{"id":10,"name":"Jane Doe","email":"jane@example.com"},{"id":11,"name":"John Doe","email":"john.doe@example.com"},{"id":12,"name":"Jane Doe","email":"jane@example.com"}]
I, [2025-05-30T08:51:33.627042 #41]  INFO -- : Running example 'Verifying a pact between AuthorsConsumer and AuthorsApi Given can create an author a request to create an author with POST /api/authors/ returns a response which has status code 201'
I, [2025-05-30T08:51:33.627112 #41]  INFO -- : Sending POST request to path: "/api/authors/" with headers: {"CONTENT_TYPE"=>"application/json", "HTTP_X_PACT_ORIGINAL_HEADER_NAMES"=>"Content-Type", "X_PACT_PROVIDER_STATES"=>[{"name"=>"can create an author"}]}, see debug logs for body
D, [2025-05-30T08:51:33.627125 #41] DEBUG -- : body :{"name":"Jane Doe","email":"jane@example.com"}
I, [2025-05-30T08:51:33.678113 #41]  INFO -- : Received response with status: 201, headers: {"Server"=>"nginx/1.28.0", "Content-Type"=>"application/json", "Connection"=>"keep-alive", "X-Powered-By"=>"PHP/8.4.7", "Cache-Control"=>"no-cache, private", "Date"=>"Fri, 30 May 2025 08:51:33 GMT", "X-Robots-Tag"=>"noindex", "Content-Length"=>"54"}, see debug logs for body
D, [2025-05-30T08:51:33.678190 #41] DEBUG -- : body: {"id":13,"name":"Jane Doe","email":"jane@example.com"}
